TN:
SF:src\services\api.ts
FN:20,(anonymous_1)
FN:21,(anonymous_2)
FN:34,(anonymous_3)
FN:51,(anonymous_4)
FN:59,(anonymous_5)
FN:65,(anonymous_6)
FN:75,(anonymous_7)
FN:77,(anonymous_8)
FN:80,(anonymous_9)
FNF:9
FNH:4
FNDA:4,(anonymous_1)
FNDA:0,(anonymous_2)
FNDA:3,(anonymous_3)
FNDA:0,(anonymous_4)
FNDA:1,(anonymous_5)
FNDA:6,(anonymous_6)
FNDA:0,(anonymous_7)
FNDA:0,(anonymous_8)
FNDA:0,(anonymous_9)
DA:2,1
DA:3,1
DA:4,1
DA:5,1
DA:7,1
DA:16,1
DA:17,1
DA:20,1
DA:21,4
DA:22,0
DA:23,0
DA:25,0
DA:29,4
DA:33,1
DA:35,3
DA:36,3
DA:37,2
DA:38,1
DA:41,2
DA:42,0
DA:45,2
DA:47,1
DA:48,1
DA:52,0
DA:53,0
DA:58,1
DA:60,1
DA:61,0
DA:63,1
DA:66,6
DA:70,6
DA:73,3
DA:75,0
DA:76,0
DA:78,0
DA:79,0
DA:81,0
DA:85,3
DA:86,3
DA:88,3
DA:89,3
DA:90,3
DA:91,1
DA:92,1
DA:93,1
DA:97,2
DA:101,1
DA:103,1
DA:108,1
DA:111,1
DA:112,1
DA:114,2
DA:115,2
DA:116,2
DA:118,3
DA:122,3
DA:123,0
DA:124,0
DA:127,3
DA:131,1
LF:60
LH:46
BRDA:20,0,0,0
BRDA:22,1,0,0
BRDA:22,1,1,0
BRDA:37,2,0,1
BRDA:37,2,1,1
BRDA:41,3,0,0
BRDA:41,3,1,2
BRDA:60,4,0,0
BRDA:60,4,1,1
BRDA:70,5,0,3
BRDA:70,5,1,3
BRDA:70,6,0,6
BRDA:70,6,1,5
BRDA:70,6,2,4
BRDA:70,6,3,3
BRDA:73,7,0,0
BRDA:73,7,1,3
BRDA:90,8,0,1
BRDA:90,8,1,2
BRDA:105,9,0,1
BRDA:105,9,1,0
BRDA:122,10,0,0
BRDA:122,10,1,3
BRF:23
BRH:15
end_of_record
TN:
SF:src\services\errorHandler.ts
FN:7,(anonymous_0)
FNF:1
FNH:1
FNDA:5,(anonymous_0)
DA:7,1
DA:8,5
DA:11,3
DA:12,3
DA:13,3
DA:14,2
DA:15,1
DA:16,1
DA:18,2
DA:20,1
DA:21,1
DA:24,1
DA:25,1
LF:13
LH:13
BRDA:8,0,0,3
BRDA:8,0,1,2
BRDA:13,1,0,2
BRDA:13,1,1,1
BRDA:13,2,0,3
BRDA:13,2,1,3
BRDA:14,3,0,2
BRDA:14,3,1,1
BRDA:14,3,2,1
BRDA:15,4,0,1
BRDA:15,4,1,0
BRDA:18,5,0,1
BRDA:18,5,1,1
BRF:13
BRH:12
end_of_record
TN:
SF:src\utils\config.ts
FNF:0
FNH:0
DA:4,1
DA:6,1
DA:30,1
LF:3
LH:3
BRDA:8,0,0,1
BRDA:8,0,1,0
BRDA:10,1,0,0
BRDA:10,1,1,0
BRF:4
BRH:1
end_of_record
TN:
SF:src\utils\validation.ts
FN:37,(anonymous_0)
FN:67,(anonymous_1)
FN:117,(anonymous_2)
FN:172,(anonymous_3)
FN:180,(anonymous_4)
FN:188,(anonymous_5)
FNF:6
FNH:6
FNDA:5,(anonymous_0)
FNDA:10,(anonymous_1)
FNDA:11,(anonymous_2)
FNDA:5,(anonymous_3)
FNDA:8,(anonymous_4)
FNDA:9,(anonymous_5)
DA:37,1
DA:38,5
DA:41,5
DA:42,1
DA:43,4
DA:44,1
DA:45,3
DA:46,0
DA:50,5
DA:51,1
DA:52,4
DA:53,1
DA:54,3
DA:55,0
DA:58,5
DA:67,1
DA:68,10
DA:71,10
DA:72,10
DA:73,0
DA:74,10
DA:75,2
DA:76,8
DA:77,2
DA:78,6
DA:79,0
DA:83,10
DA:84,1
DA:85,9
DA:86,2
DA:87,7
DA:88,1
DA:92,10
DA:93,0
DA:95,10
DA:96,10
DA:97,10
DA:98,10
DA:99,10
DA:101,10
DA:102,2
DA:103,8
DA:104,1
DA:108,10
DA:117,1
DA:118,11
DA:121,11
DA:122,11
DA:123,0
DA:124,11
DA:125,1
DA:126,10
DA:127,3
DA:128,7
DA:129,0
DA:133,11
DA:134,1
DA:135,10
DA:136,2
DA:137,8
DA:138,1
DA:142,11
DA:143,2
DA:147,11
DA:148,0
DA:150,11
DA:151,11
DA:152,11
DA:153,11
DA:154,11
DA:156,11
DA:157,2
DA:158,9
DA:159,1
DA:163,11
DA:172,1
DA:173,5
DA:174,5
DA:180,1
DA:181,8
DA:182,8
DA:188,1
DA:189,9
LF:83
LH:75
BRDA:41,0,0,1
BRDA:41,0,1,4
BRDA:41,1,0,5
BRDA:41,1,1,4
BRDA:43,2,0,1
BRDA:43,2,1,3
BRDA:45,3,0,0
BRDA:45,3,1,3
BRDA:50,4,0,1
BRDA:50,4,1,4
BRDA:50,5,0,5
BRDA:50,5,1,4
BRDA:52,6,0,1
BRDA:52,6,1,3
BRDA:54,7,0,0
BRDA:54,7,1,3
BRDA:72,8,0,0
BRDA:72,8,1,10
BRDA:72,9,0,10
BRDA:72,9,1,10
BRDA:74,10,0,2
BRDA:74,10,1,8
BRDA:76,11,0,2
BRDA:76,11,1,6
BRDA:78,12,0,0
BRDA:78,12,1,6
BRDA:83,13,0,1
BRDA:83,13,1,9
BRDA:83,14,0,10
BRDA:83,14,1,9
BRDA:85,15,0,2
BRDA:85,15,1,7
BRDA:87,16,0,1
BRDA:87,16,1,6
BRDA:92,17,0,0
BRDA:92,17,1,10
BRDA:101,18,0,2
BRDA:101,18,1,8
BRDA:103,19,0,1
BRDA:103,19,1,7
BRDA:122,20,0,0
BRDA:122,20,1,11
BRDA:122,21,0,11
BRDA:122,21,1,11
BRDA:124,22,0,1
BRDA:124,22,1,10
BRDA:126,23,0,3
BRDA:126,23,1,7
BRDA:128,24,0,0
BRDA:128,24,1,7
BRDA:133,25,0,1
BRDA:133,25,1,10
BRDA:133,26,0,11
BRDA:133,26,1,10
BRDA:135,27,0,2
BRDA:135,27,1,8
BRDA:137,28,0,1
BRDA:137,28,1,7
BRDA:142,29,0,2
BRDA:142,29,1,9
BRDA:142,30,0,11
BRDA:142,30,1,9
BRDA:147,31,0,0
BRDA:147,31,1,11
BRDA:156,32,0,2
BRDA:156,32,1,9
BRDA:158,33,0,1
BRDA:158,33,1,8
BRF:68
BRH:60
end_of_record
